mode: atomic
github.com/amirsalarsafaei/sqlc-pgx-monitoring/dbtracer/dbtracer.go:37.19,40.33 1 15
github.com/amirsalarsafaei/sqlc-pgx-monitoring/dbtracer/dbtracer.go:40.33,42.4 1 0
github.com/amirsalarsafaei/sqlc-pgx-monitoring/dbtracer/dbtracer.go:57.2,57.27 1 15
github.com/amirsalarsafaei/sqlc-pgx-monitoring/dbtracer/dbtracer.go:57.27,59.3 1 54
github.com/amirsalarsafaei/sqlc-pgx-monitoring/dbtracer/dbtracer.go:61.2,67.16 3 15
github.com/amirsalarsafaei/sqlc-pgx-monitoring/dbtracer/dbtracer.go:67.16,69.3 1 1
github.com/amirsalarsafaei/sqlc-pgx-monitoring/dbtracer/dbtracer.go:71.2,78.8 1 14
github.com/amirsalarsafaei/sqlc-pgx-monitoring/dbtracer/dbtracer.go:92.52,93.17 1 4
github.com/amirsalarsafaei/sqlc-pgx-monitoring/dbtracer/dbtracer.go:93.17,95.3 1 0
github.com/amirsalarsafaei/sqlc-pgx-monitoring/dbtracer/dbtracer.go:97.2,99.16 3 4
github.com/amirsalarsafaei/sqlc-pgx-monitoring/dbtracer/dbtracer.go:99.16,101.3 1 4
github.com/amirsalarsafaei/sqlc-pgx-monitoring/dbtracer/dbtracer.go:103.2,103.25 1 4
github.com/amirsalarsafaei/sqlc-pgx-monitoring/dbtracer/dbtracer.go:103.25,104.24 1 4
github.com/amirsalarsafaei/sqlc-pgx-monitoring/dbtracer/dbtracer.go:105.15,106.22 1 0
github.com/amirsalarsafaei/sqlc-pgx-monitoring/dbtracer/dbtracer.go:106.22,108.5 1 0
github.com/amirsalarsafaei/sqlc-pgx-monitoring/dbtracer/dbtracer.go:108.10,110.5 1 0
github.com/amirsalarsafaei/sqlc-pgx-monitoring/dbtracer/dbtracer.go:111.15,112.22 1 0
github.com/amirsalarsafaei/sqlc-pgx-monitoring/dbtracer/dbtracer.go:112.22,114.35 2 0
github.com/amirsalarsafaei/sqlc-pgx-monitoring/dbtracer/dbtracer.go:114.35,116.6 1 0
github.com/amirsalarsafaei/sqlc-pgx-monitoring/dbtracer/dbtracer.go:118.5,118.19 1 0
github.com/amirsalarsafaei/sqlc-pgx-monitoring/dbtracer/dbtracer.go:118.19,120.6 1 0
github.com/amirsalarsafaei/sqlc-pgx-monitoring/dbtracer/dbtracer.go:124.3,124.31 1 4
github.com/amirsalarsafaei/sqlc-pgx-monitoring/dbtracer/dbtracer.go:127.2,127.16 1 4
github.com/amirsalarsafaei/sqlc-pgx-monitoring/dbtracer/dbtracer.go:130.49,131.17 1 10
github.com/amirsalarsafaei/sqlc-pgx-monitoring/dbtracer/dbtracer.go:131.17,133.3 1 10
github.com/amirsalarsafaei/sqlc-pgx-monitoring/dbtracer/dbtracer.go:135.2,136.19 2 0
github.com/amirsalarsafaei/sqlc-pgx-monitoring/dbtracer/dbtracer.go:136.19,139.3 2 0
github.com/amirsalarsafaei/sqlc-pgx-monitoring/dbtracer/dbtracer.go:140.2,140.10 1 0
github.com/amirsalarsafaei/sqlc-pgx-monitoring/dbtracer/options.go:29.48,30.29 1 13
github.com/amirsalarsafaei/sqlc-pgx-monitoring/dbtracer/options.go:30.29,32.3 1 13
github.com/amirsalarsafaei/sqlc-pgx-monitoring/dbtracer/options.go:35.56,36.29 1 15
github.com/amirsalarsafaei/sqlc-pgx-monitoring/dbtracer/options.go:36.29,38.3 1 15
github.com/amirsalarsafaei/sqlc-pgx-monitoring/dbtracer/options.go:41.72,42.29 1 0
github.com/amirsalarsafaei/sqlc-pgx-monitoring/dbtracer/options.go:42.29,46.3 3 0
github.com/amirsalarsafaei/sqlc-pgx-monitoring/dbtracer/options.go:49.45,50.29 1 13
github.com/amirsalarsafaei/sqlc-pgx-monitoring/dbtracer/options.go:50.29,52.3 1 13
github.com/amirsalarsafaei/sqlc-pgx-monitoring/dbtracer/options.go:55.56,56.29 1 13
github.com/amirsalarsafaei/sqlc-pgx-monitoring/dbtracer/options.go:56.29,58.3 1 13
github.com/amirsalarsafaei/sqlc-pgx-monitoring/dbtracer/options.go:61.39,62.29 1 0
github.com/amirsalarsafaei/sqlc-pgx-monitoring/dbtracer/options.go:62.29,64.3 1 0
github.com/amirsalarsafaei/sqlc-pgx-monitoring/dbtracer/options.go:67.44,68.29 1 0
github.com/amirsalarsafaei/sqlc-pgx-monitoring/dbtracer/options.go:68.29,70.3 1 0
github.com/amirsalarsafaei/sqlc-pgx-monitoring/dbtracer/queryname.go:10.52,11.38 1 13
github.com/amirsalarsafaei/sqlc-pgx-monitoring/dbtracer/queryname.go:11.38,13.3 1 3
github.com/amirsalarsafaei/sqlc-pgx-monitoring/dbtracer/queryname.go:14.2,14.93 1 10
github.com/amirsalarsafaei/sqlc-pgx-monitoring/dbtracer/tracebatch.go:22.114,32.2 3 1
github.com/amirsalarsafaei/sqlc-pgx-monitoring/dbtracer/tracebatch.go:34.104,43.21 5 1
github.com/amirsalarsafaei/sqlc-pgx-monitoring/dbtracer/tracebatch.go:43.21,47.29 3 0
github.com/amirsalarsafaei/sqlc-pgx-monitoring/dbtracer/tracebatch.go:47.29,55.4 1 0
github.com/amirsalarsafaei/sqlc-pgx-monitoring/dbtracer/tracebatch.go:56.8,65.3 2 1
github.com/amirsalarsafaei/sqlc-pgx-monitoring/dbtracer/tracebatch.go:68.100,80.21 6 1
github.com/amirsalarsafaei/sqlc-pgx-monitoring/dbtracer/tracebatch.go:80.21,84.29 3 0
github.com/amirsalarsafaei/sqlc-pgx-monitoring/dbtracer/tracebatch.go:84.29,91.4 1 0
github.com/amirsalarsafaei/sqlc-pgx-monitoring/dbtracer/tracebatch.go:92.8,99.3 2 1
github.com/amirsalarsafaei/sqlc-pgx-monitoring/dbtracer/traceconnect.go:18.108,23.2 1 2
github.com/amirsalarsafaei/sqlc-pgx-monitoring/dbtracer/traceconnect.go:25.88,36.21 5 2
github.com/amirsalarsafaei/sqlc-pgx-monitoring/dbtracer/traceconnect.go:36.21,37.29 1 1
github.com/amirsalarsafaei/sqlc-pgx-monitoring/dbtracer/traceconnect.go:37.29,46.4 1 1
github.com/amirsalarsafaei/sqlc-pgx-monitoring/dbtracer/traceconnect.go:47.3,47.9 1 1
github.com/amirsalarsafaei/sqlc-pgx-monitoring/dbtracer/traceconnect.go:51.2,59.22 2 1
github.com/amirsalarsafaei/sqlc-pgx-monitoring/dbtracer/traceconnect.go:59.22,67.3 1 0
github.com/amirsalarsafaei/sqlc-pgx-monitoring/dbtracer/tracecopyfrom.go:22.123,35.2 3 2
github.com/amirsalarsafaei/sqlc-pgx-monitoring/dbtracer/tracecopyfrom.go:37.106,49.21 6 2
github.com/amirsalarsafaei/sqlc-pgx-monitoring/dbtracer/tracecopyfrom.go:49.21,53.29 3 1
github.com/amirsalarsafaei/sqlc-pgx-monitoring/dbtracer/tracecopyfrom.go:53.29,62.4 1 1
github.com/amirsalarsafaei/sqlc-pgx-monitoring/dbtracer/tracecopyfrom.go:63.8,73.3 2 1
github.com/amirsalarsafaei/sqlc-pgx-monitoring/dbtracer/traceprepare.go:24.121,42.2 4 3
github.com/amirsalarsafaei/sqlc-pgx-monitoring/dbtracer/traceprepare.go:44.104,58.21 6 3
github.com/amirsalarsafaei/sqlc-pgx-monitoring/dbtracer/traceprepare.go:58.21,61.29 3 1
github.com/amirsalarsafaei/sqlc-pgx-monitoring/dbtracer/traceprepare.go:61.29,70.4 1 1
github.com/amirsalarsafaei/sqlc-pgx-monitoring/dbtracer/traceprepare.go:71.8,81.3 2 2
github.com/amirsalarsafaei/sqlc-pgx-monitoring/dbtracer/tracequery.go:25.117,42.2 4 4
github.com/amirsalarsafaei/sqlc-pgx-monitoring/dbtracer/tracequery.go:44.100,59.21 7 3
github.com/amirsalarsafaei/sqlc-pgx-monitoring/dbtracer/tracequery.go:59.21,63.29 3 1
github.com/amirsalarsafaei/sqlc-pgx-monitoring/dbtracer/tracequery.go:63.29,73.4 1 1
github.com/amirsalarsafaei/sqlc-pgx-monitoring/dbtracer/tracequery.go:74.8,85.3 2 2
